0 info it worked if it ends with ok
1 verbose cli [ '/usr/local/Cellar/node/7.3.0/bin/node',
1 verbose cli   '/usr/local/bin/npm',
1 verbose cli   'publish' ]
2 info using npm@3.10.10
3 info using node@v7.3.0
4 verbose publish [ '.' ]
5 silly cache add args [ '.', null ]
6 verbose cache add spec .
7 silly cache add parsed spec Result {
7 silly cache add   raw: '.',
7 silly cache add   scope: null,
7 silly cache add   escapedName: null,
7 silly cache add   name: null,
7 silly cache add   rawSpec: '.',
7 silly cache add   spec: '/Users/viktortokarev/Documents/workspace/test_node',
7 silly cache add   type: 'directory' }
8 verbose addLocalDirectory /Users/viktortokarev/.npm/test_node/1.0.0/package.tgz not in flight; packing
9 verbose correctMkdir /Users/viktortokarev/.npm correctMkdir not in flight; initializing
10 info lifecycle test_node@1.0.0~prepublish: test_node@1.0.0
11 silly lifecycle test_node@1.0.0~prepublish: no script for prepublish, continuing
12 verbose tar pack [ '/Users/viktortokarev/.npm/test_node/1.0.0/package.tgz',
12 verbose tar pack   '/Users/viktortokarev/Documents/workspace/test_node' ]
13 verbose tarball /Users/viktortokarev/.npm/test_node/1.0.0/package.tgz
14 verbose folder /Users/viktortokarev/Documents/workspace/test_node
15 verbose addLocalTarball adding from inside cache /Users/viktortokarev/.npm/test_node/1.0.0/package.tgz
16 verbose correctMkdir /Users/viktortokarev/.npm correctMkdir not in flight; initializing
17 silly cache afterAdd test_node@1.0.0
18 verbose afterAdd /Users/viktortokarev/.npm/test_node/1.0.0/package/package.json not in flight; writing
19 verbose correctMkdir /Users/viktortokarev/.npm correctMkdir not in flight; initializing
20 verbose afterAdd /Users/viktortokarev/.npm/test_node/1.0.0/package/package.json written
21 silly publish { name: 'test_node',
21 silly publish   version: '1.0.0',
21 silly publish   description: '',
21 silly publish   main: 'main.js',
21 silly publish   dependencies: { express: '^4.14.0' },
21 silly publish   devDependencies: {},
21 silly publish   scripts: { test: 'echo "Error: no test specified" && exit 1' },
21 silly publish   author: '',
21 silly publish   license: 'ISC',
21 silly publish   readme: 'ERROR: No README data found!',
21 silly publish   _id: 'test_node@1.0.0',
21 silly publish   _shasum: 'a4561f17af470c7c1ed2259f90a5bb74bd47f747',
21 silly publish   _from: '.' }
22 verbose getPublishConfig undefined
23 silly mapToRegistry name test_node
24 silly mapToRegistry using default registry
25 silly mapToRegistry registry https://registry.npmjs.org/
26 silly mapToRegistry data Result {
26 silly mapToRegistry   raw: 'test_node',
26 silly mapToRegistry   scope: null,
26 silly mapToRegistry   escapedName: 'test_node',
26 silly mapToRegistry   name: 'test_node',
26 silly mapToRegistry   rawSpec: '',
26 silly mapToRegistry   spec: 'latest',
26 silly mapToRegistry   type: 'tag' }
27 silly mapToRegistry uri https://registry.npmjs.org/test_node
28 verbose publish registryBase https://registry.npmjs.org/
29 silly publish uploading /Users/viktortokarev/.npm/test_node/1.0.0/package.tgz
30 verbose stack Error: auth required for publishing
30 verbose stack     at CachingRegistryClient.publish (/usr/local/lib/node_modules/npm/node_modules/npm-registry-client/lib/publish.js:30:14)
30 verbose stack     at /usr/local/lib/node_modules/npm/lib/publish.js:138:14
30 verbose stack     at mapToRegistry (/usr/local/lib/node_modules/npm/lib/utils/map-to-registry.js:62:3)
30 verbose stack     at publish_ (/usr/local/lib/node_modules/npm/lib/publish.js:107:3)
30 verbose stack     at Array.<anonymous> (/usr/local/lib/node_modules/npm/node_modules/slide/lib/bind-actor.js:15:8)
30 verbose stack     at LOOP (/usr/local/lib/node_modules/npm/node_modules/slide/lib/chain.js:15:14)
30 verbose stack     at LOOP (/usr/local/lib/node_modules/npm/node_modules/slide/lib/chain.js:14:28)
30 verbose stack     at chain (/usr/local/lib/node_modules/npm/node_modules/slide/lib/chain.js:20:5)
30 verbose stack     at /usr/local/lib/node_modules/npm/lib/publish.js:73:5
30 verbose stack     at RES (/usr/local/lib/node_modules/npm/node_modules/inflight/inflight.js:23:14)
31 verbose cwd /Users/viktortokarev/Documents/workspace/test_node
32 error Darwin 16.0.0
33 error argv "/usr/local/Cellar/node/7.3.0/bin/node" "/usr/local/bin/npm" "publish"
34 error node v7.3.0
35 error npm  v3.10.10
36 error code ENEEDAUTH
37 error need auth auth required for publishing
38 error need auth You need to authorize this machine using `npm adduser`
39 verbose exit [ 1, true ]
